<?xml version="1.0" encoding="UTF-8"?>
<testng-results ignored="0" total="1" passed="1" failed="0" skipped="0">
  <reporter-output>
  </reporter-output>
  <suite started-at="2023-07-13T10:24:25 CST" name="Default suite" finished-at="2023-07-13T10:24:48 CST" duration-ms="22497">
    <groups>
    </groups>
    <test started-at="2023-07-13T10:24:25 CST" name="Default test" finished-at="2023-07-13T10:24:48 CST" duration-ms="22497">
      <class name="test.Test_API">
        <test-method signature="getCity()[pri:0, instance:test.Test_API@7e5afaa6]" started-at="2023-07-13T10:24:25 CST" name="getCity" finished-at="2023-07-13T10:24:48 CST" duration-ms="22446" status="PASS">
          <reporter-output>
          </reporter-output>
        </test-method> <!-- getCity -->
      </class> <!-- test.Test_API -->
    </test> <!-- Default test -->
  </suite> <!-- Default suite -->
</testng-results>
